<?xml version="1.0" encoding="UTF-8"?>
<testsuite xmlns:xsi="http://www.w3.org/2001/XMLSchema-instance" xsi:noNamespaceSchemaLocation="https://maven.apache.org/surefire/maven-surefire-plugin/xsd/surefire-test-report.xsd" name="masgan.test.CalculatorTest" time="0.104" tests="6" errors="1" skipped="1" failures="0">
  <properties>
[...]
</properties>
  <testcase name="testDivideFailed2" classname="masgan.test.CalculatorTest" time="0.036"/>
  <testcase name="testDivideFailed" classname="masgan.test.CalculatorTest" time="0.016">
    <error message="Can&apos;t divide by zero" type="java.lang.IllegalArgumentException">java.lang.IllegalArgumentException: Can't divide by zero
	at masgan.test.CalculatorTest.testDivideFailed(CalculatorTest.java:40)
</error>
  </testcase>
  <testcase name="testAddSuccess" classname="masgan.test.CalculatorTest" time="0.004"/>
  <testcase name="testDisabledTest" classname="masgan.test.CalculatorTest" time="0">
    <skipped message="public void masgan.test.CalculatorTest.testDisabledTest() is @Disabled"/>
  </testcase>
  <testcase name="testDisplayName" classname="masgan.test.CalculatorTest" time="0.003"/>
  <testcase name="testDivideSuccess" classname="masgan.test.CalculatorTest" time="0.003"/>
</testsuite>